Determining if the Q_WS_WIN exist failed with the following output:
Change Dir: /home/jfavre/Projects/AMRZurich/Chombo/Build/CMakeFiles/CMakeTmp

Run Build Command:/usr/bin/make "cmTryCompileExec4136573829/fast"
/usr/bin/make -f CMakeFiles/cmTryCompileExec4136573829.dir/build.make CMakeFiles/cmTryCompileExec4136573829.dir/build
make[1]: Entering directory `/home/jfavre/Projects/AMRZurich/Chombo/Build/CMakeFiles/CMakeTmp'
/usr/bin/cmake -E cmake_progress_report /home/jfavre/Projects/AMRZurich/Chombo/Build/CMakeFiles/CMakeTmp/CMakeFiles 1
Building CXX object CMakeFiles/cmTryCompileExec4136573829.dir/CheckSymbolExists.cxx.o
/usr/bin/c++    -I/usr/include/qt4    -o CMakeFiles/cmTryCompileExec4136573829.dir/CheckSymbolExists.cxx.o -c /home/jfavre/Projects/AMRZurich/Chombo/Build/CMakeFiles/CMakeTmp/CheckSymbolExists.cxx
/home/jfavre/Projects/AMRZurich/Chombo/Build/CMakeFiles/CMakeTmp/CheckSymbolExists.cxx: In function ‘int main(int, char**)’:
/home/jfavre/Projects/AMRZurich/Chombo/Build/CMakeFiles/CMakeTmp/CheckSymbolExists.cxx:8:19: error: ‘Q_WS_WIN’ was not declared in this scope
   return ((int*)(&Q_WS_WIN))[argc];
                   ^
make[1]: *** [CMakeFiles/cmTryCompileExec4136573829.dir/CheckSymbolExists.cxx.o] Error 1
make[1]: Leaving directory `/home/jfavre/Projects/AMRZurich/Chombo/Build/CMakeFiles/CMakeTmp'
make: *** [cmTryCompileExec4136573829/fast] Error 2

File /home/jfavre/Projects/AMRZurich/Chombo/Build/CMakeFiles/CMakeTmp/CheckSymbolExists.cxx:
/* */
#include <QtCore/qglobal.h>

int main(int argc, char** argv)
{
  (void)argv;
#ifndef Q_WS_WIN
  return ((int*)(&Q_WS_WIN))[argc];
#else
  (void)argc;
  return 0;
#endif
}

Determining if the Q_WS_QWS exist failed with the following output:
Change Dir: /home/jfavre/Projects/AMRZurich/Chombo/Build/CMakeFiles/CMakeTmp

Run Build Command:/usr/bin/make "cmTryCompileExec659304282/fast"
/usr/bin/make -f CMakeFiles/cmTryCompileExec659304282.dir/build.make CMakeFiles/cmTryCompileExec659304282.dir/build
make[1]: Entering directory `/home/jfavre/Projects/AMRZurich/Chombo/Build/CMakeFiles/CMakeTmp'
/usr/bin/cmake -E cmake_progress_report /home/jfavre/Projects/AMRZurich/Chombo/Build/CMakeFiles/CMakeTmp/CMakeFiles 1
Building CXX object CMakeFiles/cmTryCompileExec659304282.dir/CheckSymbolExists.cxx.o
/usr/bin/c++    -I/usr/include/qt4    -o CMakeFiles/cmTryCompileExec659304282.dir/CheckSymbolExists.cxx.o -c /home/jfavre/Projects/AMRZurich/Chombo/Build/CMakeFiles/CMakeTmp/CheckSymbolExists.cxx
/home/jfavre/Projects/AMRZurich/Chombo/Build/CMakeFiles/CMakeTmp/CheckSymbolExists.cxx: In function ‘int main(int, char**)’:
/home/jfavre/Projects/AMRZurich/Chombo/Build/CMakeFiles/CMakeTmp/CheckSymbolExists.cxx:8:19: error: ‘Q_WS_QWS’ was not declared in this scope
   return ((int*)(&Q_WS_QWS))[argc];
                   ^
make[1]: *** [CMakeFiles/cmTryCompileExec659304282.dir/CheckSymbolExists.cxx.o] Error 1
make[1]: Leaving directory `/home/jfavre/Projects/AMRZurich/Chombo/Build/CMakeFiles/CMakeTmp'
make: *** [cmTryCompileExec659304282/fast] Error 2

File /home/jfavre/Projects/AMRZurich/Chombo/Build/CMakeFiles/CMakeTmp/CheckSymbolExists.cxx:
/* */
#include <QtCore/qglobal.h>

int main(int argc, char** argv)
{
  (void)argv;
#ifndef Q_WS_QWS
  return ((int*)(&Q_WS_QWS))[argc];
#else
  (void)argc;
  return 0;
#endif
}

Determining if the Q_WS_MAC exist failed with the following output:
Change Dir: /home/jfavre/Projects/AMRZurich/Chombo/Build/CMakeFiles/CMakeTmp

Run Build Command:/usr/bin/make "cmTryCompileExec910481214/fast"
/usr/bin/make -f CMakeFiles/cmTryCompileExec910481214.dir/build.make CMakeFiles/cmTryCompileExec910481214.dir/build
make[1]: Entering directory `/home/jfavre/Projects/AMRZurich/Chombo/Build/CMakeFiles/CMakeTmp'
/usr/bin/cmake -E cmake_progress_report /home/jfavre/Projects/AMRZurich/Chombo/Build/CMakeFiles/CMakeTmp/CMakeFiles 1
Building CXX object CMakeFiles/cmTryCompileExec910481214.dir/CheckSymbolExists.cxx.o
/usr/bin/c++    -I/usr/include/qt4    -o CMakeFiles/cmTryCompileExec910481214.dir/CheckSymbolExists.cxx.o -c /home/jfavre/Projects/AMRZurich/Chombo/Build/CMakeFiles/CMakeTmp/CheckSymbolExists.cxx
/home/jfavre/Projects/AMRZurich/Chombo/Build/CMakeFiles/CMakeTmp/CheckSymbolExists.cxx: In function ‘int main(int, char**)’:
/home/jfavre/Projects/AMRZurich/Chombo/Build/CMakeFiles/CMakeTmp/CheckSymbolExists.cxx:8:19: error: ‘Q_WS_MAC’ was not declared in this scope
   return ((int*)(&Q_WS_MAC))[argc];
                   ^
make[1]: *** [CMakeFiles/cmTryCompileExec910481214.dir/CheckSymbolExists.cxx.o] Error 1
make[1]: Leaving directory `/home/jfavre/Projects/AMRZurich/Chombo/Build/CMakeFiles/CMakeTmp'
make: *** [cmTryCompileExec910481214/fast] Error 2

File /home/jfavre/Projects/AMRZurich/Chombo/Build/CMakeFiles/CMakeTmp/CheckSymbolExists.cxx:
/* */
#include <QtCore/qglobal.h>

int main(int argc, char** argv)
{
  (void)argv;
#ifndef Q_WS_MAC
  return ((int*)(&Q_WS_MAC))[argc];
#else
  (void)argc;
  return 0;
#endif
}

